<?xml version="1.0" encoding="UTF-8"?>
<coverage generated="1685279946448" clover="3.2.0">
  <project timestamp="1685279946448" name="All files">
    <metrics statements="1" coveredstatements="1" conditionals="0" coveredconditionals="0" methods="0" coveredmethods="0" elements="1" coveredelements="1" complexity="0" loc="1" ncloc="1" packages="1" files="1" classes="1"/>
    <file name="sc.fixture.ts" path="/Users/hieunguyen/Desktop/workspaces/software-capstone/software-capstone-be/src/test/sc.fixture.ts">
      <metrics statements="1" coveredstatements="1" conditionals="0" coveredconditionals="0" methods="0" coveredmethods="0"/>
      <line num="1" count="1" type="stmt"/>
    </file>
  </project>
</coverage>
